<?xml version="1.0" encoding="UTF-8"?>
<testng-results ignored="0" total="2" passed="2" failed="0" skipped="0">
  <reporter-output>
  </reporter-output>
  <suite started-at="2025-02-28T20:13:15 IST" name="Suite" finished-at="2025-02-28T20:13:48 IST" duration-ms="33173">
    <groups>
    </groups>
    <test started-at="2025-02-28T20:13:15 IST" name="ChromeTest" finished-at="2025-02-28T20:13:35 IST" duration-ms="20082">
      <class name="testscripts.LogoutTest">
        <test-method is-config="true" signature="initializeBrowser(java.lang.String)[pri:0, instance:testscripts.LogoutTest@50378a4]" started-at="2025-02-28T20:13:15 IST" name="initializeBrowser" finished-at="2025-02-28T20:13:28 IST" duration-ms="12962" status="PASS">
          <params>
            <param index="0">
              <value>
                <![CDATA[Chrome]]>
              </value>
            </param>
          </params>
          <reporter-output>
          </reporter-output>
        </test-method> <!-- initializeBrowser -->
        <test-method signature="checkWhetherAdminCanLogoutSuccessfully()[pri:0, instance:testscripts.LogoutTest@50378a4]" started-at="2025-02-28T20:13:28 IST" name="checkWhetherAdminCanLogoutSuccessfully" description="TEST FOR CHECKING WHETHER THE ADMIN CAN LOGOUT SUCCESSFULLY" finished-at="2025-02-28T20:13:35 IST" duration-ms="7043" status="PASS">
          <reporter-output>
          </reporter-output>
        </test-method> <!-- checkWhetherAdminCanLogoutSuccessfully -->
        <test-method is-config="true" signature="browserQuit(org.testng.ITestResult)[pri:0, instance:testscripts.LogoutTest@50378a4]" started-at="2025-02-28T20:13:35 IST" name="browserQuit" finished-at="2025-02-28T20:13:35 IST" duration-ms="6" status="PASS">
          <params>
            <param index="0">
              <value>
                <![CDATA[[TestResult name=checkWhetherAdminCanLogoutSuccessfully status=SUCCESS method=LogoutTest.checkWhetherAdminCanLogoutSuccessfully()[pri:0, instance:testscripts.LogoutTest@50378a4] output={null}]]]>
              </value>
            </param>
          </params>
          <reporter-output>
          </reporter-output>
        </test-method> <!-- browserQuit -->
      </class> <!-- testscripts.LogoutTest -->
    </test> <!-- ChromeTest -->
    <test started-at="2025-02-28T20:13:36 IST" name="EdgeTest" finished-at="2025-02-28T20:13:48 IST" duration-ms="12267">
      <class name="testscripts.LogoutTest">
        <test-method is-config="true" signature="initializeBrowser(java.lang.String)[pri:0, instance:testscripts.LogoutTest@415b0b49]" started-at="2025-02-28T20:13:36 IST" name="initializeBrowser" finished-at="2025-02-28T20:13:45 IST" duration-ms="9120" status="PASS">
          <params>
            <param index="0">
              <value>
                <![CDATA[Edge]]>
              </value>
            </param>
          </params>
          <reporter-output>
          </reporter-output>
        </test-method> <!-- initializeBrowser -->
        <test-method signature="checkWhetherAdminCanLogoutSuccessfully()[pri:0, instance:testscripts.LogoutTest@415b0b49]" started-at="2025-02-28T20:13:45 IST" name="checkWhetherAdminCanLogoutSuccessfully" description="TEST FOR CHECKING WHETHER THE ADMIN CAN LOGOUT SUCCESSFULLY" finished-at="2025-02-28T20:13:48 IST" duration-ms="3127" status="PASS">
          <reporter-output>
          </reporter-output>
        </test-method> <!-- checkWhetherAdminCanLogoutSuccessfully -->
        <test-method is-config="true" signature="browserQuit(org.testng.ITestResult)[pri:0, instance:testscripts.LogoutTest@415b0b49]" started-at="2025-02-28T20:13:48 IST" name="browserQuit" finished-at="2025-02-28T20:13:48 IST" duration-ms="1" status="PASS">
          <params>
            <param index="0">
              <value>
                <![CDATA[[TestResult name=checkWhetherAdminCanLogoutSuccessfully status=SUCCESS method=LogoutTest.checkWhetherAdminCanLogoutSuccessfully()[pri:0, instance:testscripts.LogoutTest@415b0b49] output={null}]]]>
              </value>
            </param>
          </params>
          <reporter-output>
          </reporter-output>
        </test-method> <!-- browserQuit -->
      </class> <!-- testscripts.LogoutTest -->
    </test> <!-- EdgeTest -->
  </suite> <!-- Suite -->
</testng-results>
